Accessed at: 2024-03-21T10:01:20.048Z - Path: /register
Accessed at: 2024-03-21T10:01:34.565Z - Path: /register
Accessed at: 2024-03-21T10:02:08.236Z - Path: /register
Accessed at: 2024-03-21T10:04:07.392Z - Path: /login
Accessed at: 2024-03-21T10:05:49.669Z - Path: /login
Accessed at: 2024-03-21T10:05:52.492Z - Path: /login
Accessed at: 2024-03-21T10:06:14.891Z - Path: /login
Accessed at: 2024-03-21T10:06:49.918Z - Path: /register
Accessed at: 2024-03-21T10:07:03.009Z - Path: /register
Accessed at: 2024-03-21T10:08:13.146Z - Path: /login
Accessed at: 2024-03-21T10:08:13.387Z - Path: /register
Accessed at: 2024-03-21T10:08:18.940Z - Path: /register
Accessed at: 2024-03-21T10:14:33.745Z - Path: /login
Accessed at: 2024-03-21T10:15:23.125Z - Path: /register
Accessed at: 2024-03-21T10:15:51.193Z - Path: /register
Accessed at: 2024-03-21T10:16:25.338Z - Path: /register/findbyid/123456789
Accessed at: 2024-03-21T10:16:59.409Z - Path: /register
Accessed at: 2024-03-21T10:17:04.472Z - Path: /register/findbyid/65fbe09904c60a28a1bd11bc
Accessed at: 2024-03-21T10:17:12.272Z - Path: /register
Accessed at: 2024-03-21T10:17:27.161Z - Path: /register/findbyid/65fbe09904c60a28a1bd11bc
Accessed at: 2024-03-21T10:17:46.300Z - Path: /register
Accessed at: 2024-03-21T10:18:26.026Z - Path: /register
Accessed at: 2024-03-21T10:20:31.051Z - Path: /register
Accessed at: 2024-03-21T10:21:58.827Z - Path: /register
Accessed at: 2024-03-21T10:23:28.839Z - Path: /register
Accessed at: 2024-03-21T10:23:59.673Z - Path: /register
Accessed at: 2024-03-21T10:28:05.703Z - Path: /register
Accessed at: 2024-03-21T10:28:46.887Z - Path: /register
Accessed at: 2024-03-21T10:28:52.679Z - Path: /register
Accessed at: 2024-03-21T10:28:56.882Z - Path: /login
Accessed at: 2024-03-21T10:28:59.127Z - Path: /register
Accessed at: 2024-03-21T10:29:01.312Z - Path: /login
Accessed at: 2024-03-21T10:29:09.331Z - Path: /login
Accessed at: 2024-03-21T10:29:49.859Z - Path: /register
Accessed at: 2024-03-21T10:29:50.583Z - Path: /register
Accessed at: 2024-03-21T10:29:50.770Z - Path: /register
Accessed at: 2024-03-21T10:29:50.941Z - Path: /register
Accessed at: 2024-03-21T10:29:51.109Z - Path: /register
Accessed at: 2024-03-21T10:29:51.291Z - Path: /register
Accessed at: 2024-03-21T10:29:51.440Z - Path: /register
Accessed at: 2024-03-21T10:29:51.620Z - Path: /register
Accessed at: 2024-03-21T10:29:54.672Z - Path: /register
Accessed at: 2024-03-21T10:30:09.531Z - Path: /register
Accessed at: 2024-03-21T10:32:21.716Z - Path: /register
Accessed at: 2024-03-21T10:32:53.219Z - Path: /register
Accessed at: 2024-03-21T10:32:58.184Z - Path: /register
Accessed at: 2024-03-21T10:35:08.612Z - Path: /register
Accessed at: 2024-03-21T10:35:20.698Z - Path: /register/
Accessed at: 2024-03-21T10:35:46.121Z - Path: /register/%2265fc0cb5a30c453a573281dd%22
Accessed at: 2024-03-21T10:35:53.239Z - Path: /register/%2265fc0cb5a30c453a573281dd%22
Accessed at: 2024-03-21T10:35:59.484Z - Path: /register
Accessed at: 2024-03-21T10:37:16.583Z - Path: /register/65fbf68c473d2822df9b4ad7
Accessed at: 2024-03-21T10:37:43.241Z - Path: /register
Accessed at: 2024-03-21T10:39:24.710Z - Path: /register/deletebyid/65fbe09904c60a28a1bd11bc
Accessed at: 2024-03-21T10:53:35.017Z - Path: /register
Accessed at: 2024-03-21T10:53:36.097Z - Path: /register
Accessed at: 2024-03-21T10:53:40.050Z - Path: /register
Accessed at: 2024-03-21T10:54:04.781Z - Path: /register
Accessed at: 2024-03-21T10:54:50.293Z - Path: /login
Accessed at: 2024-03-21T10:57:10.522Z - Path: /register
